2022-11-30T02:00:33.210 application=explorer [info] tx/per day chart: collect records for txs per day stats
2022-11-30T02:00:33.210 application=explorer [info] tx/per day chart: earliest date 2022-11-21 00:00:00Z
2022-11-30T02:00:33.210 application=explorer [info] tx/per day chart: latest date 2022-11-21 23:59:59Z
2022-11-30T02:00:33.228 application=explorer [info] tx/per day chart: collect records for txs per day stats
2022-11-30T02:00:33.228 application=explorer [info] tx/per day chart: earliest date 2022-11-22 00:00:00Z
2022-11-30T02:00:33.228 application=explorer [info] tx/per day chart: latest date 2022-11-22 23:59:59Z
2022-11-30T02:00:33.236 application=explorer [info] tx/per day chart: collect records for txs per day stats
2022-11-30T02:00:33.236 application=explorer [info] tx/per day chart: earliest date 2022-11-23 00:00:00Z
2022-11-30T02:00:33.236 application=explorer [info] tx/per day chart: latest date 2022-11-23 23:59:59Z
2022-11-30T02:00:33.240 application=explorer [info] tx/per day chart: collect records for txs per day stats
2022-11-30T02:00:33.241 application=explorer [info] tx/per day chart: earliest date 2022-11-24 00:00:00Z
2022-11-30T02:00:33.241 application=explorer [info] tx/per day chart: latest date 2022-11-24 23:59:59Z
2022-11-30T02:00:33.249 application=explorer [info] tx/per day chart: collect records for txs per day stats
2022-11-30T02:00:33.250 application=explorer [info] tx/per day chart: earliest date 2022-11-25 00:00:00Z
2022-11-30T02:00:33.250 application=explorer [info] tx/per day chart: latest date 2022-11-25 23:59:59Z
2022-11-30T02:00:33.254 application=explorer [info] tx/per day chart: collect records for txs per day stats
2022-11-30T02:00:33.254 application=explorer [info] tx/per day chart: earliest date 2022-11-26 00:00:00Z
2022-11-30T02:00:33.254 application=explorer [info] tx/per day chart: latest date 2022-11-26 23:59:59Z
2022-11-30T02:00:33.262 application=explorer [info] tx/per day chart: collect records for txs per day stats
2022-11-30T02:00:33.262 application=explorer [info] tx/per day chart: earliest date 2022-11-27 00:00:00Z
2022-11-30T02:00:33.262 application=explorer [info] tx/per day chart: latest date 2022-11-27 23:59:59Z
2022-11-30T02:00:33.266 application=explorer [info] tx/per day chart: collect records for txs per day stats
2022-11-30T02:00:33.266 application=explorer [info] tx/per day chart: earliest date 2022-11-28 00:00:00Z
2022-11-30T02:00:33.266 application=explorer [info] tx/per day chart: latest date 2022-11-28 23:59:59Z
2022-11-30T02:00:33.295 application=explorer [info] tx/per day chart: collect records for txs per day stats
2022-11-30T02:00:33.295 application=explorer [info] tx/per day chart: earliest date 2022-11-29 00:00:00Z
2022-11-30T02:00:33.295 application=explorer [info] tx/per day chart: latest date 2022-11-29 23:59:59Z
2022-11-30T02:00:33.299 application=explorer [info] tx/per day chart: collect records for txs per day stats
2022-11-30T02:00:33.299 application=explorer [info] tx/per day chart: records collected [%{date: ~D[2022-11-29], gas_used: 0, number_of_transactions: 0, total_fee: 0}, %{date: ~D[2022-11-28], gas_used: 0, number_of_transactions: 0, total_fee: 0}, %{date: ~D[2022-11-27], gas_used: 0, number_of_transactions: 0, total_fee: 0}, %{date: ~D[2022-11-26], gas_used: 0, number_of_transactions: 0, total_fee: 0}, %{date: ~D[2022-11-25], gas_used: 0, number_of_transactions: 0, total_fee: 0}, %{date: ~D[2022-11-24], gas_used: 0, number_of_transactions: 0, total_fee: 0}, %{date: ~D[2022-11-23], gas_used: 0, number_of_transactions: 0, total_fee: 0}, %{date: ~D[2022-11-22], gas_used: 0, number_of_transactions: 0, total_fee: 0}, %{date: ~D[2022-11-21], gas_used: 0, number_of_transactions: 0, total_fee: 0}]
2022-11-30T02:00:33.299 application=explorer [info] tx/per day chart: save records
2022-11-30T02:00:33.301 application=explorer [info] tx/per day chart: number of inserted 10
2022-11-30T02:02:33.208 application=explorer [warn] Failed to fetch genesis data. Chain spec path is not set.
2022-11-30T02:11:10.715 application=explorer [info] tx/per day chart: collect records for txs per day stats
2022-11-30T02:11:10.715 application=explorer [info] tx/per day chart: earliest date 2022-11-21 00:00:00Z
2022-11-30T02:11:10.715 application=explorer [info] tx/per day chart: latest date 2022-11-21 23:59:59Z
2022-11-30T02:11:10.734 application=explorer [info] tx/per day chart: collect records for txs per day stats
2022-11-30T02:11:10.734 application=explorer [info] tx/per day chart: earliest date 2022-11-22 00:00:00Z
2022-11-30T02:11:10.734 application=explorer [info] tx/per day chart: latest date 2022-11-22 23:59:59Z
2022-11-30T02:11:10.741 application=explorer [info] tx/per day chart: collect records for txs per day stats
2022-11-30T02:11:10.741 application=explorer [info] tx/per day chart: earliest date 2022-11-23 00:00:00Z
2022-11-30T02:11:10.741 application=explorer [info] tx/per day chart: latest date 2022-11-23 23:59:59Z
2022-11-30T02:11:10.746 application=explorer [info] tx/per day chart: collect records for txs per day stats
2022-11-30T02:11:10.746 application=explorer [info] tx/per day chart: earliest date 2022-11-24 00:00:00Z
2022-11-30T02:11:10.746 application=explorer [info] tx/per day chart: latest date 2022-11-24 23:59:59Z
2022-11-30T02:11:10.749 application=explorer [info] tx/per day chart: collect records for txs per day stats
2022-11-30T02:11:10.749 application=explorer [info] tx/per day chart: earliest date 2022-11-25 00:00:00Z
2022-11-30T02:11:10.749 application=explorer [info] tx/per day chart: latest date 2022-11-25 23:59:59Z
2022-11-30T02:11:10.754 application=explorer [info] tx/per day chart: collect records for txs per day stats
2022-11-30T02:11:10.754 application=explorer [info] tx/per day chart: earliest date 2022-11-26 00:00:00Z
2022-11-30T02:11:10.754 application=explorer [info] tx/per day chart: latest date 2022-11-26 23:59:59Z
2022-11-30T02:11:10.761 application=explorer [info] tx/per day chart: collect records for txs per day stats
2022-11-30T02:11:10.761 application=explorer [info] tx/per day chart: earliest date 2022-11-27 00:00:00Z
2022-11-30T02:11:10.761 application=explorer [info] tx/per day chart: latest date 2022-11-27 23:59:59Z
2022-11-30T02:11:10.764 application=explorer [info] tx/per day chart: collect records for txs per day stats
2022-11-30T02:11:10.764 application=explorer [info] tx/per day chart: earliest date 2022-11-28 00:00:00Z
2022-11-30T02:11:10.764 application=explorer [info] tx/per day chart: latest date 2022-11-28 23:59:59Z
2022-11-30T02:11:10.768 application=explorer [info] tx/per day chart: collect records for txs per day stats
2022-11-30T02:11:10.768 application=explorer [info] tx/per day chart: earliest date 2022-11-29 00:00:00Z
2022-11-30T02:11:10.768 application=explorer [info] tx/per day chart: latest date 2022-11-29 23:59:59Z
2022-11-30T02:11:10.771 application=explorer [info] tx/per day chart: min/max block numbers [1, 6]
2022-11-30T02:11:10.774 application=explorer [info] tx/per day chart: num of transactions 0
2022-11-30T02:11:10.792 application=explorer [info] tx/per day chart: total gas used 
2022-11-30T02:11:10.793 application=explorer [info] tx/per day chart: total fee 
2022-11-30T02:11:10.793 application=explorer [info] tx/per day chart: collect records for txs per day stats
2022-11-30T02:11:10.793 application=explorer [info] tx/per day chart: records collected [%{date: ~D[2022-11-29], gas_used: nil, number_of_transactions: 0, total_fee: nil}, %{date: ~D[2022-11-28], gas_used: 0, number_of_transactions: 0, total_fee: 0}, %{date: ~D[2022-11-27], gas_used: 0, number_of_transactions: 0, total_fee: 0}, %{date: ~D[2022-11-26], gas_used: 0, number_of_transactions: 0, total_fee: 0}, %{date: ~D[2022-11-25], gas_used: 0, number_of_transactions: 0, total_fee: 0}, %{date: ~D[2022-11-24], gas_used: 0, number_of_transactions: 0, total_fee: 0}, %{date: ~D[2022-11-23], gas_used: 0, number_of_transactions: 0, total_fee: 0}, %{date: ~D[2022-11-22], gas_used: 0, number_of_transactions: 0, total_fee: 0}, %{date: ~D[2022-11-21], gas_used: 0, number_of_transactions: 0, total_fee: 0}]
2022-11-30T02:11:10.794 application=explorer [info] tx/per day chart: save records
2022-11-30T02:11:10.796 application=explorer [info] tx/per day chart: number of inserted 10
2022-11-30T02:13:10.715 application=explorer [warn] Failed to fetch genesis data. Chain spec path is not set.
2022-11-30T02:55:29.173 application=explorer [info] tx/per day chart: collect records for txs per day stats
2022-11-30T02:55:29.173 application=explorer [info] tx/per day chart: earliest date 2022-11-21 00:00:00Z
2022-11-30T02:55:29.173 application=explorer [info] tx/per day chart: latest date 2022-11-21 23:59:59Z
2022-11-30T02:55:29.182 application=explorer [info] tx/per day chart: collect records for txs per day stats
2022-11-30T02:55:29.182 application=explorer [info] tx/per day chart: earliest date 2022-11-22 00:00:00Z
2022-11-30T02:55:29.183 application=explorer [info] tx/per day chart: latest date 2022-11-22 23:59:59Z
2022-11-30T02:55:29.189 application=explorer [info] tx/per day chart: collect records for txs per day stats
2022-11-30T02:55:29.189 application=explorer [info] tx/per day chart: earliest date 2022-11-23 00:00:00Z
2022-11-30T02:55:29.189 application=explorer [info] tx/per day chart: latest date 2022-11-23 23:59:59Z
2022-11-30T02:55:29.196 application=explorer [info] tx/per day chart: collect records for txs per day stats
2022-11-30T02:55:29.196 application=explorer [info] tx/per day chart: earliest date 2022-11-24 00:00:00Z
2022-11-30T02:55:29.196 application=explorer [info] tx/per day chart: latest date 2022-11-24 23:59:59Z
2022-11-30T02:55:29.201 application=explorer [info] tx/per day chart: collect records for txs per day stats
2022-11-30T02:55:29.201 application=explorer [info] tx/per day chart: earliest date 2022-11-25 00:00:00Z
2022-11-30T02:55:29.201 application=explorer [info] tx/per day chart: latest date 2022-11-25 23:59:59Z
2022-11-30T02:55:29.214 application=explorer [info] tx/per day chart: collect records for txs per day stats
2022-11-30T02:55:29.214 application=explorer [info] tx/per day chart: earliest date 2022-11-26 00:00:00Z
2022-11-30T02:55:29.214 application=explorer [info] tx/per day chart: latest date 2022-11-26 23:59:59Z
2022-11-30T02:55:29.221 application=explorer [info] tx/per day chart: collect records for txs per day stats
2022-11-30T02:55:29.221 application=explorer [info] tx/per day chart: earliest date 2022-11-27 00:00:00Z
2022-11-30T02:55:29.221 application=explorer [info] tx/per day chart: latest date 2022-11-27 23:59:59Z
2022-11-30T02:55:29.225 application=explorer [info] tx/per day chart: collect records for txs per day stats
2022-11-30T02:55:29.225 application=explorer [info] tx/per day chart: earliest date 2022-11-28 00:00:00Z
2022-11-30T02:55:29.225 application=explorer [info] tx/per day chart: latest date 2022-11-28 23:59:59Z
2022-11-30T02:55:29.229 application=explorer [info] tx/per day chart: collect records for txs per day stats
2022-11-30T02:55:29.229 application=explorer [info] tx/per day chart: earliest date 2022-11-29 00:00:00Z
2022-11-30T02:55:29.229 application=explorer [info] tx/per day chart: latest date 2022-11-29 23:59:59Z
2022-11-30T02:55:29.247 application=explorer [info] tx/per day chart: collect records for txs per day stats
2022-11-30T02:55:29.247 application=explorer [info] tx/per day chart: records collected [%{date: ~D[2022-11-29], gas_used: 0, number_of_transactions: 0, total_fee: 0}, %{date: ~D[2022-11-28], gas_used: 0, number_of_transactions: 0, total_fee: 0}, %{date: ~D[2022-11-27], gas_used: 0, number_of_transactions: 0, total_fee: 0}, %{date: ~D[2022-11-26], gas_used: 0, number_of_transactions: 0, total_fee: 0}, %{date: ~D[2022-11-25], gas_used: 0, number_of_transactions: 0, total_fee: 0}, %{date: ~D[2022-11-24], gas_used: 0, number_of_transactions: 0, total_fee: 0}, %{date: ~D[2022-11-23], gas_used: 0, number_of_transactions: 0, total_fee: 0}, %{date: ~D[2022-11-22], gas_used: 0, number_of_transactions: 0, total_fee: 0}, %{date: ~D[2022-11-21], gas_used: 0, number_of_transactions: 0, total_fee: 0}]
2022-11-30T02:55:29.247 application=explorer [info] tx/per day chart: save records
2022-11-30T02:55:29.249 application=explorer [info] tx/per day chart: number of inserted 10
2022-11-30T02:57:29.172 application=explorer [warn] Failed to fetch genesis data. Chain spec path is not set.
